<?xml version="1.0" encoding="UTF-8"?>
<!-- Generated by org.testng.reporters.JUnitXMLReporter -->
<testsuite ignored="0" hostname="LAPTOP-J7H10TOC" failures="0" tests="3" name="Default test" time="14.17" errors="0" timestamp="2023-08-21T17:43:46 IST">
  <testcase classname="testNG_Basics.SS1" name="LaunchChrome" time="2.51"/>
  <testcase classname="testNG_Basics.SS1" name="openFacebook" time="5.103"/>
  <testcase classname="testNG_Basics.SS1" name="opengoogle" time="6.489"/>
</testsuite> <!-- Default test -->
