<?xml version="1.0" encoding="UTF-8"?>
<!-- Generated by org.testng.reporters.JUnitXMLReporter -->
<testsuite ignored="1" hostname="LAPTOP-J7H10TOC" failures="0" tests="2" name="Chrome" time="12.866" errors="0" timestamp="2023-08-21T17:44:28 IST">
  <testcase classname="testNG_Basics.SS1" name="LaunchChrome" time="2.194"/>
  <testcase classname="testNG_Basics.SS1" name="opengoogle" time="10.626"/>
  <testcase classname="testNG_Basics.SS1" name="openFacebook" time="0.0">
    <ignored/>
  </testcase> <!-- openFacebook -->
</testsuite> <!-- Chrome -->
