<?xml version="1.0" encoding="UTF-8"?>
<!-- Generated by org.testng.reporters.JUnitXMLReporter -->
<testsuite ignored="1" hostname="LAPTOP-J7H10TOC" failures="0" tests="2" name="Facebook" time="6.208" errors="0" timestamp="2023-08-21T17:44:34 IST">
  <testcase classname="testNG_Basics.SS1" name="LaunchChrome" time="1.176"/>
  <testcase classname="testNG_Basics.SS1" name="openFacebook" time="5.025"/>
  <testcase classname="testNG_Basics.SS1" name="opengoogle" time="0.0">
    <ignored/>
  </testcase> <!-- opengoogle -->
</testsuite> <!-- Facebook -->
