<?xml version="1.0" encoding="UTF-8"?>
<!-- Generated by org.testng.reporters.JUnitXMLReporter -->
<testsuite ignored="3" hostname="LAPTOP-J7H10TOC" failures="0" tests="3" name="Test246" time="0.054" errors="0" timestamp="2023-08-21T17:16:29 IST">
  <testcase classname="testNG_Basics.SS1" name="SS02_Demo" time="0.009"/>
  <testcase classname="testNG_Basics.SS1" name="SS04_Demo" time="0.001"/>
  <testcase classname="testNG_Basics.SS1" name="SS06_Demo" time="0.0"/>
  <testcase classname="testNG_Basics.SS1" name="SS01_Demo" time="0.0">
    <ignored/>
  </testcase> <!-- SS01_Demo -->
  <testcase classname="testNG_Basics.SS1" name="SS03_Demo" time="0.0">
    <ignored/>
  </testcase> <!-- SS03_Demo -->
  <testcase classname="testNG_Basics.SS1" name="SS05_Demo" time="0.0">
    <ignored/>
  </testcase> <!-- SS05_Demo -->
</testsuite> <!-- Test246 -->
