<?xml version="1.0" encoding="UTF-8"?>
<testng-results ignored="2" total="6" passed="4" failed="0" skipped="0">
  <reporter-output>
  </reporter-output>
  <suite started-at="2023-08-21T17:44:15 IST" name="Suite246" finished-at="2023-08-21T17:44:34 IST" duration-ms="19141">
    <groups>
    </groups>
    <test started-at="2023-08-21T17:44:15 IST" name="Chrome" finished-at="2023-08-21T17:44:28 IST" duration-ms="12866">
      <class name="testNG_Basics.SS1">
        <test-method signature="LaunchChrome()[pri:0, instance:testNG_Basics.SS1@4562e04d]" started-at="2023-08-21T17:44:15 IST" name="LaunchChrome" finished-at="2023-08-21T17:44:17 IST" duration-ms="2194" status="PASS">
          <reporter-output>
          </reporter-output>
        </test-method> <!-- LaunchChrome -->
        <test-method signature="opengoogle()[pri:0, instance:testNG_Basics.SS1@4562e04d]" started-at="2023-08-21T17:44:17 IST" name="opengoogle" finished-at="2023-08-21T17:44:28 IST" duration-ms="10626" status="PASS">
          <reporter-output>
          </reporter-output>
        </test-method> <!-- opengoogle -->
      </class> <!-- testNG_Basics.SS1 -->
    </test> <!-- Chrome -->
    <test started-at="2023-08-21T17:44:28 IST" name="Facebook" finished-at="2023-08-21T17:44:34 IST" duration-ms="6208">
      <class name="testNG_Basics.SS1">
        <test-method signature="LaunchChrome()[pri:0, instance:testNG_Basics.SS1@5aa9e4eb]" started-at="2023-08-21T17:44:28 IST" name="LaunchChrome" finished-at="2023-08-21T17:44:29 IST" duration-ms="1176" status="PASS">
          <reporter-output>
          </reporter-output>
        </test-method> <!-- LaunchChrome -->
        <test-method signature="openFacebook()[pri:0, instance:testNG_Basics.SS1@5aa9e4eb]" started-at="2023-08-21T17:44:29 IST" name="openFacebook" finished-at="2023-08-21T17:44:34 IST" duration-ms="5025" status="PASS">
          <reporter-output>
          </reporter-output>
        </test-method> <!-- openFacebook -->
      </class> <!-- testNG_Basics.SS1 -->
    </test> <!-- Facebook -->
  </suite> <!-- Suite246 -->
</testng-results>
